<?xml version="1.0" encoding="UTF-8"?>
<testng-results skipped="0" failed="0" ignored="0" total="1" passed="1">
  <reporter-output>
  </reporter-output>
  <suite name="Default suite" duration-ms="5492" started-at="2020-12-23T18:33:48 IST" finished-at="2020-12-23T18:33:54 IST">
    <groups>
    </groups>
    <test name="Default test" duration-ms="5492" started-at="2020-12-23T18:33:48 IST" finished-at="2020-12-23T18:33:54 IST">
      <class name="com.library.Read_External_JSON">
        <test-method status="PASS" signature="Add_book()[pri:0, instance:com.library.Read_External_JSON@9a7504c]" name="Add_book" duration-ms="5417" started-at="2020-12-23T18:33:48 IST" finished-at="2020-12-23T18:33:54 IST">
          <reporter-output>
          </reporter-output>
        </test-method> <!-- Add_book -->
      </class> <!-- com.library.Read_External_JSON -->
    </test> <!-- Default test -->
  </suite> <!-- Default suite -->
</testng-results>
